<?xml version="1.0" encoding="UTF-8"?>
<!-- Generated by org.testng.reporters.JUnitXMLReporter -->
<testsuite hostname="DESKTOP-RNGQG4M" name="DemoTests" tests="3" failures="3" timestamp="5 Jun 2021 15:14:20 GMT" time="138.862" errors="0">
  <testcase name="loginScenario" time="44.549" classname="com.envision.test.tests.LoginTest">
    <failure type="java.lang.NullPointerException">
      <![CDATA[java.lang.NullPointerException
	at com.envision.core.components.WebComponents.typeInto(WebComponents.java:213)
	at com.envision.core.components.WebComponents.performAction(WebComponents.java:390)
	at com.envision.test.pages.LoginPage.enterPassword(LoginPage.java:25)
	at com.envision.test.pages.LoginPage.loginToApplication(LoginPage.java:48)
	at com.envision.test.tests.LoginTest.loginScenario(LoginTest.java:22)
	at java.util.concurrent.ThreadPoolExecutor.runWorker(ThreadPoolExecutor.java:1149)
	at java.util.concurrent.ThreadPoolExecutor$Worker.run(ThreadPoolExecutor.java:624)
	at java.lang.Thread.run(Thread.java:748)
... Removed 10 stack frames]]>
    </failure>
  </testcase> <!-- loginScenario -->
  <testcase name="loginScenario" time="41.212" classname="com.envision.test.tests.LoginTest">
    <failure type="java.lang.NullPointerException">
      <![CDATA[java.lang.NullPointerException
	at com.envision.core.components.WebComponents.typeInto(WebComponents.java:213)
	at com.envision.core.components.WebComponents.performAction(WebComponents.java:390)
	at com.envision.test.pages.LoginPage.enterPassword(LoginPage.java:25)
	at com.envision.test.pages.LoginPage.loginToApplication(LoginPage.java:48)
	at com.envision.test.tests.LoginTest.loginScenario(LoginTest.java:22)
	at java.util.concurrent.ThreadPoolExecutor.runWorker(ThreadPoolExecutor.java:1149)
	at java.util.concurrent.ThreadPoolExecutor$Worker.run(ThreadPoolExecutor.java:624)
	at java.lang.Thread.run(Thread.java:748)
... Removed 10 stack frames]]>
    </failure>
  </testcase> <!-- loginScenario -->
  <testcase name="loginScenario" time="40.191" classname="com.envision.test.tests.LoginTest">
    <failure type="java.lang.NullPointerException">
      <![CDATA[java.lang.NullPointerException
	at com.envision.core.components.WebComponents.typeInto(WebComponents.java:213)
	at com.envision.core.components.WebComponents.performAction(WebComponents.java:390)
	at com.envision.test.pages.LoginPage.enterPassword(LoginPage.java:25)
	at com.envision.test.pages.LoginPage.loginToApplication(LoginPage.java:48)
	at com.envision.test.tests.LoginTest.loginScenario(LoginTest.java:22)
	at java.util.concurrent.ThreadPoolExecutor.runWorker(ThreadPoolExecutor.java:1149)
	at java.util.concurrent.ThreadPoolExecutor$Worker.run(ThreadPoolExecutor.java:624)
	at java.lang.Thread.run(Thread.java:748)
... Removed 10 stack frames]]>
    </failure>
  </testcase> <!-- loginScenario -->
</testsuite> <!-- DemoTests -->
