<?xml version="1.0" encoding="UTF-8"?>
<!-- Generated by org.testng.reporters.JUnitXMLReporter -->
<testsuite hostname="DESKTOP-RNGQG4M" name="DemoTests" tests="1" failures="1" timestamp="29 May 2021 15:24:13 GMT" time="15.487" errors="0">
  <testcase name="loginScenarioNegative" time="9.503" classname="com.envision.test.tests.DemoTest">
    <failure type="org.junit.ComparisonFailure" message="expected:&amp;lt;rgb[(241, 51, 64])&amp;gt; but was:&amp;lt;rgb[a(241, 51, 64, 1])&amp;gt;">
      <![CDATA[org.junit.ComparisonFailure: expected:<rgb[(241, 51, 64])> but was:<rgb[a(241, 51, 64, 1])>
	at org.junit.Assert.assertEquals(Assert.java:125)
	at org.junit.Assert.assertEquals(Assert.java:147)
	at com.envision.test.pages.LoginPage.validateErrorHighlightOnUserName(LoginPage.java:44)
	at com.envision.test.tests.DemoTest.loginScenarioNegative(DemoTest.java:58)
	at java.util.concurrent.ThreadPoolExecutor.runWorker(ThreadPoolExecutor.java:1149)
	at java.util.concurrent.ThreadPoolExecutor$Worker.run(ThreadPoolExecutor.java:624)
	at java.lang.Thread.run(Thread.java:748)
... Removed 10 stack frames]]>
    </failure>
  </testcase> <!-- loginScenarioNegative -->
</testsuite> <!-- DemoTests -->
