<?xml version="1.0" encoding="UTF-8"?>
<testsuite xmlns:xsi="http://www.w3.org/2001/XMLSchema-instance" xsi:noNamespaceSchemaLocation="https://maven.apache.org/surefire/maven-surefire-plugin/xsd/surefire-test-report-3.0.xsd" version="3.0" name="TestSuite" time="22.637" tests="1" errors="0" skipped="0" failures="0">
  <properties>
[...]
</properties>
  <testcase name="loginScenario[Hey@abc.com, Testing@123](1)" classname="com.envision.test.tests.LoginTest" time="12.414">
    <system-err><![CDATA[Cleaning up unclosed ZipFile for archive C:\Users\Tarun\GitHubCode\Slytherins\tddautomationframework_v1\src\test\resources\testdata\TestDataSheet.xlsx
Starting ChromeDriver 90.0.4430.24 (4c6d850f087da467d926e8eddb76550aed655991-refs/branch-heads/4430@{#429}) on port 34292
Only local connections are allowed.
Please see https://chromedriver.chromium.org/security-considerations for suggestions on keeping ChromeDriver safe.
ChromeDriver was started successfully.
[1622986546.181][WARNING]: Deprecated chrome option is ignored: useAutomationExtension
[1622986546.181][WARNING]: Deprecated chrome option is ignored: useAutomationExtension
[1622986547.767][WARNING]: This version of ChromeDriver has not been tested with Chrome version 91.
Jun 06, 2021 9:35:47 AM org.openqa.selenium.remote.ProtocolHandshake createSession
INFO: Detected dialect: W3C
]]></system-err>
  </testcase>
</testsuite>