<?xml version="1.0" encoding="UTF-8"?>
<testng-results skipped="0" failed="1" total="1" passed="0">
  <reporter-output>
  </reporter-output>
  <suite name="Testing Project Suite" duration-ms="15487" started-at="2021-05-29T15:23:57Z" finished-at="2021-05-29T15:24:12Z">
    <groups>
    </groups>
    <test name="DemoTests" duration-ms="15487" started-at="2021-05-29T15:23:57Z" finished-at="2021-05-29T15:24:12Z">
      <class name="com.envision.test.tests.DemoTest">
        <test-method status="PASS" signature="beforeAnythingElse()[pri:0, instance:com.envision.test.tests.DemoTest@26be92ad]" name="beforeAnythingElse" is-config="true" duration-ms="11" started-at="2021-05-29T11:23:57Z" finished-at="2021-05-29T11:23:57Z">
          <reporter-output>
          </reporter-output>
        </test-method> <!-- beforeAnythingElse -->
        <test-method status="PASS" signature="beforeClass()[pri:0, instance:com.envision.test.tests.DemoTest@26be92ad]" name="beforeClass" is-config="true" duration-ms="8" started-at="2021-05-29T11:23:57Z" finished-at="2021-05-29T11:23:57Z">
          <reporter-output>
          </reporter-output>
        </test-method> <!-- beforeClass -->
        <test-method status="PASS" signature="beforeMethod()[pri:0, instance:com.envision.test.tests.DemoTest@26be92ad]" name="beforeMethod" is-config="true" duration-ms="4159" started-at="2021-05-29T11:23:58Z" finished-at="2021-05-29T11:24:02Z">
          <reporter-output>
          </reporter-output>
        </test-method> <!-- beforeMethod -->
        <test-method status="FAIL" signature="loginScenarioNegative(java.lang.String, java.lang.String)[pri:0, instance:com.envision.test.tests.DemoTest@26be92ad]" name="loginScenarioNegative" duration-ms="9503" started-at="2021-05-29T11:24:02Z" data-provider="testCaseDataProvider" finished-at="2021-05-29T11:24:12Z">
          <params>
            <param index="0">
              <value>
                <![CDATA[abcdef]]>
              </value>
            </param>
            <param index="1">
              <value>
                <![CDATA[Testing123@123]]>
              </value>
            </param>
          </params>
          <exception class="org.junit.ComparisonFailure">
            <message>
              <![CDATA[expected:<rgb[(241, 51, 64])> but was:<rgb[a(241, 51, 64, 1])>]]>
            </message>
            <full-stacktrace>
              <![CDATA[org.junit.ComparisonFailure: expected:<rgb[(241, 51, 64])> but was:<rgb[a(241, 51, 64, 1])>
	at org.junit.Assert.assertEquals(Assert.java:125)
	at org.junit.Assert.assertEquals(Assert.java:147)
	at com.envision.test.pages.LoginPage.validateErrorHighlightOnUserName(LoginPage.java:44)
	at com.envision.test.tests.DemoTest.loginScenarioNegative(DemoTest.java:58)
	at sun.reflect.NativeMethodAccessorImpl.invoke0(Native Method)
	at sun.reflect.NativeMethodAccessorImpl.invoke(NativeMethodAccessorImpl.java:62)
	at sun.reflect.DelegatingMethodAccessorImpl.invoke(DelegatingMethodAccessorImpl.java:43)
	at java.lang.reflect.Method.invoke(Method.java:498)
	at org.testng.internal.MethodInvocationHelper.invokeMethod(MethodInvocationHelper.java:84)
	at org.testng.internal.Invoker.invokeMethod(Invoker.java:714)
	at org.testng.internal.Invoker.invokeTestMethod(Invoker.java:901)
	at org.testng.internal.Invoker.invokeTestMethods(Invoker.java:1231)
	at org.testng.internal.TestMethodWorker.invokeTestMethods(TestMethodWorker.java:127)
	at org.testng.internal.TestMethodWorker.run(TestMethodWorker.java:111)
	at java.util.concurrent.ThreadPoolExecutor.runWorker(ThreadPoolExecutor.java:1149)
	at java.util.concurrent.ThreadPoolExecutor$Worker.run(ThreadPoolExecutor.java:624)
	at java.lang.Thread.run(Thread.java:748)
]]>
            </full-stacktrace>
          </exception> <!-- org.junit.ComparisonFailure -->
          <reporter-output>
          </reporter-output>
        </test-method> <!-- loginScenarioNegative -->
        <test-method status="PASS" signature="afterMethod()[pri:0, instance:com.envision.test.tests.DemoTest@26be92ad]" name="afterMethod" is-config="true" duration-ms="490" started-at="2021-05-29T11:24:12Z" finished-at="2021-05-29T11:24:12Z">
          <reporter-output>
          </reporter-output>
        </test-method> <!-- afterMethod -->
      </class> <!-- com.envision.test.tests.DemoTest -->
    </test> <!-- DemoTests -->
  </suite> <!-- Testing Project Suite -->
</testng-results>
